[[1;34mINFO[m] Scanning for projects...
[[1;34mINFO[m] 
[[1;34mINFO[m] [1m--------------------< [0;36mcom.trustbank:trustbank-web[0;1m >---------------------[m
[[1;34mINFO[m] [1mBuilding trustbank-web 0.0.1-SNAPSHOT[m
[[1;34mINFO[m] [1m--------------------------------[ jar ]---------------------------------[m
[[1;34mINFO[m] 
[[1;34mINFO[m] [1m>>> [0;32mspring-boot-maven-plugin:4.0.2:run[m [1m(default-cli)[0;1m > [0;1mtest-compile[m @ [36mtrustbank-web[0;1m >>>[m
[[1;34mINFO[m] 
[[1;34mINFO[m] [1m--- [0;32mmaven-resources-plugin:3.3.1:resources[m [1m(default-resources)[m @ [36mtrustbank-web[0;1m ---[m
[[1;34mINFO[m] Copying 1 resource from src/main/resources to target/classes
[[1;34mINFO[m] Copying 0 resource from src/main/resources to target/classes
[[1;34mINFO[m] 
[[1;34mINFO[m] [1m--- [0;32mmaven-compiler-plugin:3.14.1:compile[m [1m(default-compile)[m @ [36mtrustbank-web[0;1m ---[m
[[1;34mINFO[m] Recompiling the module because of [1mchanged source code[m.
[[1;34mINFO[m] Compiling 6 source files with javac [debug parameters release 17] to target/classes
[[1;34mINFO[m] 
[[1;34mINFO[m] [1m--- [0;32mmaven-resources-plugin:3.3.1:testResources[m [1m(default-testResources)[m @ [36mtrustbank-web[0;1m ---[m
[[1;34mINFO[m] skip non existing resourceDirectory /home/arjun/TrustBank/src/test/resources
[[1;34mINFO[m] 
[[1;34mINFO[m] [1m--- [0;32mmaven-compiler-plugin:3.14.1:testCompile[m [1m(default-testCompile)[m @ [36mtrustbank-web[0;1m ---[m
[[1;34mINFO[m] Recompiling the module because of [1mchanged dependency[m.
[[1;34mINFO[m] Compiling 1 source file with javac [debug parameters release 17] to target/test-classes
[[1;34mINFO[m] 
[[1;34mINFO[m] [1m<<< [0;32mspring-boot-maven-plugin:4.0.2:run[m [1m(default-cli)[0;1m < [0;1mtest-compile[m @ [36mtrustbank-web[0;1m <<<[m
[[1;34mINFO[m] 
[[1;34mINFO[m] 
[[1;34mINFO[m] [1m--- [0;32mspring-boot-maven-plugin:4.0.2:run[m [1m(default-cli)[m @ [36mtrustbank-web[0;1m ---[m
[[1;34mINFO[m] Attaching agents: []

  .   ____          _            __ _ _
 /\\ / ___'_ __ _ _(_)_ __  __ _ \ \ \ \
( ( )\___ | '_ | '_| | '_ \/ _` | \ \ \ \
 \\/  ___)| |_)| | | | | || (_| |  ) ) ) )
  '  |____| .__|_| |_|_| |_\__, | / / / /
 =========|_|==============|___/=/_/_/_/

 :: Spring Boot ::                (v4.0.2)

2026-02-11T07:55:59.652Z  INFO 2583 --- [trustbank-web] [           main] c.trustbank.app.TrustbankWebApplication  : Starting TrustbankWebApplication using Java 17.0.17 with PID 2583 (/home/arjun/TrustBank/target/classes started by arjun in /home/arjun/TrustBank)
2026-02-11T07:55:59.654Z  INFO 2583 --- [trustbank-web] [           main] c.trustbank.app.TrustbankWebApplication  : No active profile set, falling back to 1 default profile: "default"
2026-02-11T07:56:00.343Z  INFO 2583 --- [trustbank-web] [           main] o.s.boot.tomcat.TomcatWebServer          : Tomcat initialized with port 8081 (http)
2026-02-11T07:56:00.355Z  INFO 2583 --- [trustbank-web] [           main] o.apache.catalina.core.StandardService   : Starting service [Tomcat]
2026-02-11T07:56:00.355Z  INFO 2583 --- [trustbank-web] [           main] o.apache.catalina.core.StandardEngine    : Starting Servlet engine: [Apache Tomcat/11.0.15]
2026-02-11T07:56:00.401Z  INFO 2583 --- [trustbank-web] [           main] b.w.c.s.WebApplicationContextInitializer : Root WebApplicationContext: initialization completed in 705 ms
2026-02-11T07:56:00.704Z  INFO 2583 --- [trustbank-web] [           main] o.s.boot.tomcat.TomcatWebServer          : Tomcat started on port 8081 (http) with context path '/'
2026-02-11T07:56:00.720Z  INFO 2583 --- [trustbank-web] [           main] c.trustbank.app.TrustbankWebApplication  : Started TrustbankWebApplication in 1.621 seconds (process running for 1.923)
2026-02-11T07:57:23.290Z  INFO 2583 --- [trustbank-web] [nio-8081-exec-1] o.a.c.c.C.[Tomcat].[localhost].[/]       : Initializing Spring DispatcherServlet 'dispatcherServlet'
2026-02-11T07:57:23.291Z  INFO 2583 --- [trustbank-web] [nio-8081-exec-1] o.s.web.servlet.DispatcherServlet        : Initializing Servlet 'dispatcherServlet'
2026-02-11T07:57:23.297Z  INFO 2583 --- [trustbank-web] [nio-8081-exec-1] o.s.web.servlet.DispatcherServlet        : Completed initialization in 6 ms
